# JRE version: Java(TM) SE Runtime Environment (8.0_192-b12) (build 1.8.0_192-b12)
# Java VM: Java HotSpot(TM) 64-Bit Server VM (25.192-b12 mixed mode windows-amd64 compressed oops)
Heap:
 PSYoungGen      total 36352K, used 7222K [0x00000000d5f00000, 0x00000000d8980000, 0x0000000100000000)
  eden space 30208K, 12% used [0x00000000d5f00000,0x00000000d62ce5b0,0x00000000d7c80000)
  from space 6144K, 54% used [0x00000000d8380000,0x00000000d86bf630,0x00000000d8980000)
  to   space 6656K, 0% used [0x00000000d7c80000,0x00000000d7c80000,0x00000000d8300000)
 ParOldGen       total 87552K, used 2107K [0x0000000081c00000, 0x0000000087180000, 0x00000000d5f00000)
  object space 87552K, 2% used [0x0000000081c00000,0x0000000081e0eeb0,0x0000000087180000)
 Metaspace       used 11325K, capacity 11520K, committed 11776K, reserved 1058816K
  class space    used 1334K, capacity 1424K, committed 1536K, reserved 1048576K
GC Heap History (10 events):
Event: 28.902 GC heap before
{Heap before GC invocations=6 (full 0):
 PSYoungGen      total 37888K, used 37173K [0x00000000d5f00000, 0x00000000d8b00000, 0x0000000100000000)
  eden space 32768K, 97% used [0x00000000d5f00000,0x00000000d7e4eed0,0x00000000d7f00000)
  from space 5120K, 99% used [0x00000000d7f80000,0x00000000d847e6d0,0x00000000d8480000)
  to   space 6144K, 0% used [0x00000000d8500000,0x00000000d8500000,0x00000000d8b00000)
 ParOldGen       total 87552K, used 56K [0x0000000081c00000, 0x0000000087180000, 0x00000000d5f00000)
  object space 87552K, 0% used [0x0000000081c00000,0x0000000081c0e000,0x0000000087180000)
 Metaspace       used 11164K, capacity 11388K, committed 11776K, reserved 1058816K
  class space    used 1324K, capacity 1424K, committed 1536K, reserved 1048576K
Event: 28.904 GC heap after
Heap after GC invocations=6 (full 0):
 PSYoungGen      total 37888K, used 5065K [0x00000000d5f00000, 0x00000000d8a80000, 0x0000000100000000)
  eden space 32256K, 0% used [0x00000000d5f00000,0x00000000d5f00000,0x00000000d7e80000)
  from space 5632K, 89% used [0x00000000d8500000,0x00000000d89f26c0,0x00000000d8a80000)
  to   space 6144K, 0% used [0x00000000d7e80000,0x00000000d7e80000,0x00000000d8480000)
 ParOldGen       total 87552K, used 64K [0x0000000081c00000, 0x0000000087180000, 0x00000000d5f00000)
  object space 87552K, 0% used [0x0000000081c00000,0x0000000081c10000,0x0000000087180000)
 Metaspace       used 11164K, capacity 11388K, committed 11776K, reserved 1058816K
  class space    used 1324K, capacity 1424K, committed 1536K, reserved 1048576K
}
Event: 32.561 GC heap before
{Heap before GC invocations=7 (full 0):
 PSYoungGen      total 37888K, used 36330K [0x00000000d5f00000, 0x00000000d8a80000, 0x0000000100000000)
  eden space 32256K, 96% used [0x00000000d5f00000,0x00000000d7d88230,0x00000000d7e80000)
  from space 5632K, 89% used [0x00000000d8500000,0x00000000d89f26c0,0x00000000d8a80000)
  to   space 6144K, 0% used [0x00000000d7e80000,0x00000000d7e80000,0x00000000d8480000)
 ParOldGen       total 87552K, used 64K [0x0000000081c00000, 0x0000000087180000, 0x00000000d5f00000)
  object space 87552K, 0% used [0x0000000081c00000,0x0000000081c10000,0x0000000087180000)
 Metaspace       used 11166K, capacity 11388K, committed 11776K, reserved 1058816K
  class space    used 1324K, capacity 1424K, committed 1536K, reserved 1048576K
Event: 32.565 GC heap after
Heap after GC invocations=7 (full 0):
 PSYoungGen      total 37888K, used 3325K [0x00000000d5f00000, 0x00000000d8b00000, 0x0000000100000000)
  eden space 31744K, 0% used [0x00000000d5f00000,0x00000000d5f00000,0x00000000d7e00000)
  from space 6144K, 54% used [0x00000000d7e80000,0x00000000d81bf630,0x00000000d8480000)
  to   space 6656K, 0% used [0x00000000d8480000,0x00000000d8480000,0x00000000d8b00000)
 ParOldGen       total 87552K, used 2043K [0x0000000081c00000, 0x0000000087180000, 0x00000000d5f00000)
  object space 87552K, 2% used [0x0000000081c00000,0x0000000081dfeeb0,0x0000000087180000)
 Metaspace       used 11166K, capacity 11388K, committed 11776K, reserved 1058816K
  class space    used 1324K, capacity 1424K, committed 1536K, reserved 1048576K
}
Event: 36.245 GC heap before
{Heap before GC invocations=8 (full 0):
 PSYoungGen      total 37888K, used 34346K [0x00000000d5f00000, 0x00000000d8b00000, 0x0000000100000000)
  eden space 31744K, 97% used [0x00000000d5f00000,0x00000000d7d4b578,0x00000000d7e00000)
  from space 6144K, 54% used [0x00000000d7e80000,0x00000000d81bf630,0x00000000d8480000)
  to   space 6656K, 0% used [0x00000000d8480000,0x00000000d8480000,0x00000000d8b00000)
 ParOldGen       total 87552K, used 2043K [0x0000000081c00000, 0x0000000087180000, 0x00000000d5f00000)
  object space 87552K, 2% used [0x0000000081c00000,0x0000000081dfeeb0,0x0000000087180000)
 Metaspace       used 11166K, capacity 11388K, committed 11776K, reserved 1058816K
  class space    used 1324K, capacity 1424K, committed 1536K, reserved 1048576K
Event: 36.246 GC heap after
Heap after GC invocations=8 (full 0):
 PSYoungGen      total 37376K, used 3197K [0x00000000d5f00000, 0x00000000d8a80000, 0x0000000100000000)
  eden space 31232K, 0% used [0x00000000d5f00000,0x00000000d5f00000,0x00000000d7d80000)
  from space 6144K, 52% used [0x00000000d8480000,0x00000000d879f630,0x00000000d8a80000)
  to   space 6656K, 0% used [0x00000000d7d80000,0x00000000d7d80000,0x00000000d8400000)
 ParOldGen       total 87552K, used 2083K [0x0000000081c00000, 0x0000000087180000, 0x00000000d5f00000)
  object space 87552K, 2% used [0x0000000081c00000,0x0000000081e08eb0,0x0000000087180000)
 Metaspace       used 11166K, capacity 11388K, committed 11776K, reserved 1058816K
  class space    used 1324K, capacity 1424K, committed 1536K, reserved 1048576K
}
Event: 40.691 GC heap before
{Heap before GC invocations=9 (full 0):
 PSYoungGen      total 37376K, used 34373K [0x00000000d5f00000, 0x00000000d8a80000, 0x0000000100000000)
  eden space 31232K, 99% used [0x00000000d5f00000,0x00000000d7d720d8,0x00000000d7d80000)
  from space 6144K, 52% used [0x00000000d8480000,0x00000000d879f630,0x00000000d8a80000)
  to   space 6656K, 0% used [0x00000000d7d80000,0x00000000d7d80000,0x00000000d8400000)
 ParOldGen       total 87552K, used 2083K [0x0000000081c00000, 0x0000000087180000, 0x00000000d5f00000)
  object space 87552K, 2% used [0x0000000081c00000,0x0000000081e08eb0,0x0000000087180000)
 Metaspace       used 11189K, capacity 11388K, committed 11776K, reserved 1058816K
  class space    used 1324K, capacity 1424K, committed 1536K, reserved 1048576K
Event: 40.692 GC heap after
Heap after GC invocations=9 (full 0):
 PSYoungGen      total 34304K, used 3165K [0x00000000d5f00000, 0x00000000d8a00000, 0x0000000100000000)
  eden space 30720K, 0% used [0x00000000d5f00000,0x00000000d5f00000,0x00000000d7d00000)
  from space 3584K, 88% used [0x00000000d7d80000,0x00000000d8097630,0x00000000d8100000)
  to   space 6656K, 0% used [0x00000000d8380000,0x00000000d8380000,0x00000000d8a00000)
 ParOldGen       total 87552K, used 2091K [0x0000000081c00000, 0x0000000087180000, 0x00000000d5f00000)
  object space 87552K, 2% used [0x0000000081c00000,0x0000000081e0aeb0,0x0000000087180000)
 Metaspace       used 11189K, capacity 11388K, committed 11776K, reserved 1058816K
  class space    used 1324K, capacity 1424K, committed 1536K, reserved 1048576K
}
Event: 47.705 GC heap before
{Heap before GC invocations=10 (full 0):
 PSYoungGen      total 34304K, used 33496K [0x00000000d5f00000, 0x00000000d8a00000, 0x0000000100000000)
  eden space 30720K, 98% used [0x00000000d5f00000,0x00000000d7c9eac8,0x00000000d7d00000)
  from space 3584K, 88% used [0x00000000d7d80000,0x00000000d8097630,0x00000000d8100000)
  to   space 6656K, 0% used [0x00000000d8380000,0x00000000d8380000,0x00000000d8a00000)
 ParOldGen       total 87552K, used 2091K [0x0000000081c00000, 0x0000000087180000, 0x00000000d5f00000)
  object space 87552K, 2% used [0x0000000081c00000,0x0000000081e0aeb0,0x0000000087180000)
 Metaspace       used 11321K, capacity 11520K, committed 11776K, reserved 1058816K
  class space    used 1333K, capacity 1424K, committed 1536K, reserved 1048576K
Event: 47.707 GC heap after
Heap after GC invocations=10 (full 0):
 PSYoungGen      total 36352K, used 3325K [0x00000000d5f00000, 0x00000000d8980000, 0x0000000100000000)
  eden space 30208K, 0% used [0x00000000d5f00000,0x00000000d5f00000,0x00000000d7c80000)
  from space 6144K, 54% used [0x00000000d8380000,0x00000000d86bf630,0x00000000d8980000)
  to   space 6656K, 0% used [0x00000000d7c80000,0x00000000d7c80000,0x00000000d8300000)
 ParOldGen       total 87552K, used 2107K [0x0000000081c00000, 0x0000000087180000, 0x00000000d5f00000)
  object space 87552K, 2% used [0x0000000081c00000,0x0000000081e0eeb0,0x0000000087180000)
 Metaspace       used 11321K, capacity 11520K, committed 11776K, reserved 1058816K
  class space    used 1333K, capacity 1424K, committed 1536K, reserved 1048576K
}

