# JRE version: Java(TM) SE Runtime Environment (8.0_192-b12) (build 1.8.0_192-b12)
# Java VM: Java HotSpot(TM) 64-Bit Server VM (25.192-b12 mixed mode windows-amd64 compressed oops)
Heap:
 PSYoungGen      total 28160K, used 9168K [0x00000000d5f00000, 0x00000000d7e80000, 0x0000000100000000)
  eden space 24064K, 24% used [0x00000000d5f00000,0x00000000d64dcdc0,0x00000000d7680000)
  from space 4096K, 77% used [0x00000000d7680000,0x00000000d7997630,0x00000000d7a80000)
  to   space 4096K, 0% used [0x00000000d7a80000,0x00000000d7a80000,0x00000000d7e80000)
 ParOldGen       total 87552K, used 3042K [0x0000000081c00000, 0x0000000087180000, 0x00000000d5f00000)
  object space 87552K, 3% used [0x0000000081c00000,0x0000000081ef8b00,0x0000000087180000)
 Metaspace       used 12081K, capacity 12320K, committed 12544K, reserved 1060864K
  class space    used 1341K, capacity 1428K, committed 1536K, reserved 1048576K
GC Heap History (10 events):
Event: 141.881 GC heap before
{Heap before GC invocations=31 (full 0):
 PSYoungGen      total 28160K, used 26270K [0x00000000d5f00000, 0x00000000d7e80000, 0x0000000100000000)
  eden space 24064K, 95% used [0x00000000d5f00000,0x00000000d7588330,0x00000000d7680000)
  from space 4096K, 78% used [0x00000000d7a80000,0x00000000d7d9f630,0x00000000d7e80000)
  to   space 4096K, 0% used [0x00000000d7680000,0x00000000d7680000,0x00000000d7a80000)
 ParOldGen       total 87552K, used 2874K [0x0000000081c00000, 0x0000000087180000, 0x00000000d5f00000)
  object space 87552K, 3% used [0x0000000081c00000,0x0000000081eceb00,0x0000000087180000)
 Metaspace       used 11997K, capacity 12250K, committed 12544K, reserved 1060864K
  class space    used 1330K, capacity 1427K, committed 1536K, reserved 1048576K
Event: 141.882 GC heap after
Heap after GC invocations=31 (full 0):
 PSYoungGen      total 28160K, used 3293K [0x00000000d5f00000, 0x00000000d7e80000, 0x0000000100000000)
  eden space 24064K, 0% used [0x00000000d5f00000,0x00000000d5f00000,0x00000000d7680000)
  from space 4096K, 80% used [0x00000000d7680000,0x00000000d79b7630,0x00000000d7a80000)
  to   space 4096K, 0% used [0x00000000d7a80000,0x00000000d7a80000,0x00000000d7e80000)
 ParOldGen       total 87552K, used 2914K [0x0000000081c00000, 0x0000000087180000, 0x00000000d5f00000)
  object space 87552K, 3% used [0x0000000081c00000,0x0000000081ed8b00,0x0000000087180000)
 Metaspace       used 11997K, capacity 12250K, committed 12544K, reserved 1060864K
  class space    used 1330K, capacity 1427K, committed 1536K, reserved 1048576K
}
Event: 145.264 GC heap before
{Heap before GC invocations=32 (full 0):
 PSYoungGen      total 28160K, used 27051K [0x00000000d5f00000, 0x00000000d7e80000, 0x0000000100000000)
  eden space 24064K, 98% used [0x00000000d5f00000,0x00000000d7633908,0x00000000d7680000)
  from space 4096K, 80% used [0x00000000d7680000,0x00000000d79b7630,0x00000000d7a80000)
  to   space 4096K, 0% used [0x00000000d7a80000,0x00000000d7a80000,0x00000000d7e80000)
 ParOldGen       total 87552K, used 2914K [0x0000000081c00000, 0x0000000087180000, 0x00000000d5f00000)
  object space 87552K, 3% used [0x0000000081c00000,0x0000000081ed8b00,0x0000000087180000)
 Metaspace       used 11997K, capacity 12250K, committed 12544K, reserved 1060864K
  class space    used 1330K, capacity 1427K, committed 1536K, reserved 1048576K
Event: 145.265 GC heap after
Heap after GC invocations=32 (full 0):
 PSYoungGen      total 28160K, used 3197K [0x00000000d5f00000, 0x00000000d7e80000, 0x0000000100000000)
  eden space 24064K, 0% used [0x00000000d5f00000,0x00000000d5f00000,0x00000000d7680000)
  from space 4096K, 78% used [0x00000000d7a80000,0x00000000d7d9f630,0x00000000d7e80000)
  to   space 4096K, 0% used [0x00000000d7680000,0x00000000d7680000,0x00000000d7a80000)
 ParOldGen       total 87552K, used 2954K [0x0000000081c00000, 0x0000000087180000, 0x00000000d5f00000)
  object space 87552K, 3% used [0x0000000081c00000,0x0000000081ee2b00,0x0000000087180000)
 Metaspace       used 11997K, capacity 12250K, committed 12544K, reserved 1060864K
  class space    used 1330K, capacity 1427K, committed 1536K, reserved 1048576K
}
Event: 149.242 GC heap before
{Heap before GC invocations=33 (full 0):
 PSYoungGen      total 28160K, used 27081K [0x00000000d5f00000, 0x00000000d7e80000, 0x0000000100000000)
  eden space 24064K, 99% used [0x00000000d5f00000,0x00000000d7652e40,0x00000000d7680000)
  from space 4096K, 78% used [0x00000000d7a80000,0x00000000d7d9f630,0x00000000d7e80000)
  to   space 4096K, 0% used [0x00000000d7680000,0x00000000d7680000,0x00000000d7a80000)
 ParOldGen       total 87552K, used 2954K [0x0000000081c00000, 0x0000000087180000, 0x00000000d5f00000)
  object space 87552K, 3% used [0x0000000081c00000,0x0000000081ee2b00,0x0000000087180000)
 Metaspace       used 12014K, capacity 12250K, committed 12544K, reserved 1060864K
  class space    used 1330K, capacity 1427K, committed 1536K, reserved 1048576K
Event: 149.243 GC heap after
Heap after GC invocations=33 (full 0):
 PSYoungGen      total 28160K, used 3229K [0x00000000d5f00000, 0x00000000d7e80000, 0x0000000100000000)
  eden space 24064K, 0% used [0x00000000d5f00000,0x00000000d5f00000,0x00000000d7680000)
  from space 4096K, 78% used [0x00000000d7680000,0x00000000d79a7630,0x00000000d7a80000)
  to   space 4096K, 0% used [0x00000000d7a80000,0x00000000d7a80000,0x00000000d7e80000)
 ParOldGen       total 87552K, used 2970K [0x0000000081c00000, 0x0000000087180000, 0x00000000d5f00000)
  object space 87552K, 3% used [0x0000000081c00000,0x0000000081ee6b00,0x0000000087180000)
 Metaspace       used 12014K, capacity 12250K, committed 12544K, reserved 1060864K
  class space    used 1330K, capacity 1427K, committed 1536K, reserved 1048576K
}
Event: 152.101 GC heap before
{Heap before GC invocations=34 (full 0):
 PSYoungGen      total 28160K, used 26989K [0x00000000d5f00000, 0x00000000d7e80000, 0x0000000100000000)
  eden space 24064K, 98% used [0x00000000d5f00000,0x00000000d7633f78,0x00000000d7680000)
  from space 4096K, 78% used [0x00000000d7680000,0x00000000d79a7630,0x00000000d7a80000)
  to   space 4096K, 0% used [0x00000000d7a80000,0x00000000d7a80000,0x00000000d7e80000)
 ParOldGen       total 87552K, used 2970K [0x0000000081c00000, 0x0000000087180000, 0x00000000d5f00000)
  object space 87552K, 3% used [0x0000000081c00000,0x0000000081ee6b00,0x0000000087180000)
 Metaspace       used 12014K, capacity 12250K, committed 12544K, reserved 1060864K
  class space    used 1330K, capacity 1427K, committed 1536K, reserved 1048576K
Event: 152.102 GC heap after
Heap after GC invocations=34 (full 0):
 PSYoungGen      total 28160K, used 3229K [0x00000000d5f00000, 0x00000000d7e80000, 0x0000000100000000)
  eden space 24064K, 0% used [0x00000000d5f00000,0x00000000d5f00000,0x00000000d7680000)
  from space 4096K, 78% used [0x00000000d7a80000,0x00000000d7da7630,0x00000000d7e80000)
  to   space 4096K, 0% used [0x00000000d7680000,0x00000000d7680000,0x00000000d7a80000)
 ParOldGen       total 87552K, used 3026K [0x0000000081c00000, 0x0000000087180000, 0x00000000d5f00000)
  object space 87552K, 3% used [0x0000000081c00000,0x0000000081ef4b00,0x0000000087180000)
 Metaspace       used 12014K, capacity 12250K, committed 12544K, reserved 1060864K
  class space    used 1330K, capacity 1427K, committed 1536K, reserved 1048576K
}
Event: 156.311 GC heap before
{Heap before GC invocations=35 (full 0):
 PSYoungGen      total 28160K, used 27055K [0x00000000d5f00000, 0x00000000d7e80000, 0x0000000100000000)
  eden space 24064K, 99% used [0x00000000d5f00000,0x00000000d7644648,0x00000000d7680000)
  from space 4096K, 78% used [0x00000000d7a80000,0x00000000d7da7630,0x00000000d7e80000)
  to   space 4096K, 0% used [0x00000000d7680000,0x00000000d7680000,0x00000000d7a80000)
 ParOldGen       total 87552K, used 3026K [0x0000000081c00000, 0x0000000087180000, 0x00000000d5f00000)
  object space 87552K, 3% used [0x0000000081c00000,0x0000000081ef4b00,0x0000000087180000)
 Metaspace       used 12026K, capacity 12250K, committed 12544K, reserved 1060864K
  class space    used 1330K, capacity 1427K, committed 1536K, reserved 1048576K
Event: 156.312 GC heap after
Heap after GC invocations=35 (full 0):
 PSYoungGen      total 28160K, used 3165K [0x00000000d5f00000, 0x00000000d7e80000, 0x0000000100000000)
  eden space 24064K, 0% used [0x00000000d5f00000,0x00000000d5f00000,0x00000000d7680000)
  from space 4096K, 77% used [0x00000000d7680000,0x00000000d7997630,0x00000000d7a80000)
  to   space 4096K, 0% used [0x00000000d7a80000,0x00000000d7a80000,0x00000000d7e80000)
 ParOldGen       total 87552K, used 3042K [0x0000000081c00000, 0x0000000087180000, 0x00000000d5f00000)
  object space 87552K, 3% used [0x0000000081c00000,0x0000000081ef8b00,0x0000000087180000)
 Metaspace       used 12026K, capacity 12250K, committed 12544K, reserved 1060864K
  class space    used 1330K, capacity 1427K, committed 1536K, reserved 1048576K
}

